2022-12-14 21:14:51,228 INFO  [Log] ******************* 
2022-12-14 21:14:51,228 INFO  [Log] **************************** 
2022-12-14 21:14:51,234 INFO  [Log] ############## My first test case is Login test ######## 
2022-12-14 21:14:51,234 INFO  [Log] ********************************** 
2022-12-14 21:14:51,234 INFO  [Log] *********************************** 
2022-12-14 21:14:51,234 INFO  [Log] My login test is going on 
2022-12-14 21:14:51,234 INFO  [Log] My test case might be failed 
2022-12-14 21:14:54,042 INFO  [Log] My test case is about to complete 
2022-12-14 21:14:54,042 INFO  [Log] ################### 
2022-12-14 21:14:54,042 INFO  [Log] ################# 
2022-12-14 21:14:54,042 INFO  [Log] ############## This is my login test again ######## 
2022-12-14 21:14:54,042 INFO  [Log] ##################### 
2022-12-14 21:14:54,043 INFO  [Log] ############################### 
2022-12-14 22:05:31,983 INFO  [Log] ******************* 
2022-12-14 22:05:31,983 INFO  [Log] **************************** 
2022-12-14 22:05:31,986 INFO  [Log] ############## My first test case is Login test ######## 
2022-12-14 22:05:31,986 INFO  [Log] ********************************** 
2022-12-14 22:05:31,986 INFO  [Log] *********************************** 
2022-12-14 22:05:31,986 INFO  [Log] My login test is going on 
2022-12-14 22:05:31,986 INFO  [Log] My test case might be failed 
2022-12-14 22:05:34,497 INFO  [Log] My test case is about to complete 
2022-12-14 22:05:34,497 INFO  [Log] ################### 
2022-12-14 22:05:34,497 INFO  [Log] ################# 
2022-12-14 22:05:34,497 INFO  [Log] ############## This is my login test again ######## 
2022-12-14 22:05:34,497 INFO  [Log] ##################### 
2022-12-14 22:05:34,497 INFO  [Log] ############################### 
2022-12-14 22:06:15,447 INFO  [Log] ******************* 
2022-12-14 22:06:15,447 INFO  [Log] **************************** 
2022-12-14 22:06:15,451 INFO  [Log] ############## My first test case is Login test ######## 
2022-12-14 22:06:15,451 INFO  [Log] ********************************** 
2022-12-14 22:06:15,451 INFO  [Log] *********************************** 
2022-12-14 22:06:15,451 INFO  [Log] My login test is going on 
2022-12-14 22:06:15,451 INFO  [Log] My test case might be failed 
2022-12-14 22:06:20,562 INFO  [Log] My test case is about to complete 
2022-12-14 22:06:20,562 INFO  [Log] ################### 
2022-12-14 22:06:20,562 INFO  [Log] ################# 
2022-12-14 22:06:20,562 INFO  [Log] ############## This is my login test again ######## 
2022-12-14 22:06:20,562 INFO  [Log] ##################### 
2022-12-14 22:06:20,562 INFO  [Log] ############################### 
2022-12-14 22:07:11,185 INFO  [Log] ******************* 
2022-12-14 22:07:11,185 INFO  [Log] **************************** 
2022-12-14 22:07:11,190 INFO  [Log] ############## My first test case is Login test ######## 
2022-12-14 22:07:11,190 INFO  [Log] ********************************** 
2022-12-14 22:07:11,190 INFO  [Log] *********************************** 
2022-12-14 22:07:11,190 INFO  [Log] My login test is going on 
2022-12-14 22:07:11,190 INFO  [Log] My test case might be failed 
2022-12-14 22:07:13,597 INFO  [Log] My test case is about to complete 
2022-12-14 22:07:13,597 INFO  [Log] ################### 
2022-12-14 22:07:13,597 INFO  [Log] ################# 
2022-12-14 22:07:13,598 INFO  [Log] ############## This is my login test again ######## 
2022-12-14 22:07:13,598 INFO  [Log] ##################### 
2022-12-14 22:07:13,598 INFO  [Log] ############################### 
2022-12-15 21:57:05,669 INFO  [Log] ******************* 
2022-12-15 21:57:05,669 INFO  [Log] **************************** 
2022-12-15 21:57:05,672 INFO  [Log] ############## My first test case is Login test ######## 
2022-12-15 21:57:05,672 INFO  [Log] ********************************** 
2022-12-15 21:57:05,672 INFO  [Log] *********************************** 
2022-12-15 21:57:05,672 INFO  [Log] My login test is going on 
2022-12-15 21:57:05,672 INFO  [Log] My test case might be failed 
2022-12-15 21:57:08,542 INFO  [Log] My test case is about to complete 
2022-12-15 21:57:08,542 INFO  [Log] ################### 
2022-12-15 21:57:08,542 INFO  [Log] ################# 
2022-12-15 21:57:08,542 INFO  [Log] ############## This is my login test again ######## 
2022-12-15 21:57:08,542 INFO  [Log] ##################### 
2022-12-15 21:57:08,542 INFO  [Log] ############################### 
2023-01-08 18:31:20,371 INFO  [Log] ******************* 
2023-01-08 18:31:20,371 INFO  [Log] **************************** 
2023-01-08 18:31:20,375 INFO  [Log] ############## My first test case is Login test ######## 
2023-01-08 18:31:20,375 INFO  [Log] ********************************** 
2023-01-08 18:31:20,375 INFO  [Log] *********************************** 
2023-01-08 18:31:20,375 INFO  [Log] My login test is going on 
2023-01-08 18:31:20,375 INFO  [Log] My test case might be failed 
2023-01-08 18:31:27,330 INFO  [Log] My test case is about to complete 
2023-01-08 18:31:27,330 INFO  [Log] ################### 
2023-01-08 18:31:27,330 INFO  [Log] ################# 
2023-01-08 18:31:27,330 INFO  [Log] ############## This is my login test again ######## 
2023-01-08 18:31:27,330 INFO  [Log] ##################### 
2023-01-08 18:31:27,330 INFO  [Log] ############################### 
2023-01-08 18:31:48,818 INFO  [Log] ******************* 
2023-01-08 18:31:48,818 INFO  [Log] **************************** 
2023-01-08 18:31:48,821 INFO  [Log] ############## My first test case is Login test ######## 
2023-01-08 18:31:48,821 INFO  [Log] ********************************** 
2023-01-08 18:31:48,821 INFO  [Log] *********************************** 
2023-01-08 18:31:48,821 INFO  [Log] My login test is going on 
2023-01-08 18:31:48,821 INFO  [Log] My test case might be failed 
2023-01-08 18:31:55,669 INFO  [Log] My test case is about to complete 
2023-01-08 18:31:55,669 INFO  [Log] ################### 
2023-01-08 18:31:55,669 INFO  [Log] ################# 
2023-01-08 18:31:55,670 INFO  [Log] ############## This is my login test again ######## 
2023-01-08 18:31:55,670 INFO  [Log] ##################### 
2023-01-08 18:31:55,670 INFO  [Log] ############################### 
2023-01-08 18:56:48,693 INFO  [Log] ******************* 
2023-01-08 18:56:48,693 INFO  [Log] **************************** 
2023-01-08 18:56:48,696 INFO  [Log] ############## My first test case is Login test ######## 
2023-01-08 18:56:48,696 INFO  [Log] ********************************** 
2023-01-08 18:56:48,696 INFO  [Log] *********************************** 
2023-01-08 18:56:48,696 INFO  [Log] My login test is going on 
2023-01-08 18:56:48,696 INFO  [Log] My test case might be failed 
2023-01-08 18:56:55,448 INFO  [Log] My test case is about to complete 
2023-01-08 18:56:55,448 INFO  [Log] ################### 
2023-01-08 18:56:55,449 INFO  [Log] ################# 
2023-01-08 18:56:55,449 INFO  [Log] ############## This is my login test again ######## 
2023-01-08 18:56:55,449 INFO  [Log] ##################### 
2023-01-08 18:56:55,449 INFO  [Log] ############################### 
